# JRE version: Java(TM) SE Runtime Environment (8.0_311-b11) (build 1.8.0_311-b11)
# Java VM: Java HotSpot(TM) 64-Bit Server VM (25.311-b11 mixed mode bsd-amd64 compressed oops)
Heap:
 PSYoungGen      total 209920K, used 120086K [0x00000007b0000000, 0x00000007c0000000, 0x00000007c0000000)
  eden space 157696K, 64% used [0x00000007b0000000,0x00000007b6338de8,0x00000007b9a00000)
  from space 52224K, 35% used [0x00000007bcd00000,0x00000007bdf0cc88,0x00000007c0000000)
  to   space 52224K, 0% used [0x00000007b9a00000,0x00000007b9a00000,0x00000007bcd00000)
 ParOldGen       total 524288K, used 110211K [0x0000000790000000, 0x00000007b0000000, 0x00000007b0000000)
  object space 524288K, 21% used [0x0000000790000000,0x0000000796ba0d30,0x00000007b0000000)
 Metaspace       used 80183K, capacity 85661K, committed 85784K, reserved 1122304K
  class space    used 10399K, capacity 12058K, committed 12080K, reserved 1048576K
GC Heap History (10 events):
Event: 2609.999 GC heap before
{Heap before GC invocations=43 (full 3):
 PSYoungGen      total 203776K, used 179877K [0x00000007b0000000, 0x00000007c0000000, 0x00000007c0000000)
  eden space 147968K, 99% used [0x00000007b0000000,0x00000007b9063f00,0x00000007b9080000)
  from space 55808K, 57% used [0x00000007b9080000,0x00000007bafc5628,0x00000007bc700000)
  to   space 53760K, 0% used [0x00000007bcb80000,0x00000007bcb80000,0x00000007c0000000)
 ParOldGen       total 524288K, used 95635K [0x0000000790000000, 0x00000007b0000000, 0x00000007b0000000)
  object space 524288K, 18% used [0x0000000790000000,0x0000000795d64d60,0x00000007b0000000)
 Metaspace       used 76261K, capacity 81651K, committed 81944K, reserved 1120256K
  class space    used 10164K, capacity 11766K, committed 11824K, reserved 1048576K
Event: 2610.031 GC heap after
Heap after GC invocations=43 (full 3):
 PSYoungGen      total 209920K, used 30684K [0x00000007b0000000, 0x00000007c0000000, 0x00000007c0000000)
  eden space 156160K, 0% used [0x00000007b0000000,0x00000007b0000000,0x00000007b9880000)
  from space 53760K, 57% used [0x00000007bcb80000,0x00000007be9770f0,0x00000007c0000000)
  to   space 52224K, 0% used [0x00000007b9880000,0x00000007b9880000,0x00000007bcb80000)
 ParOldGen       total 524288K, used 99348K [0x0000000790000000, 0x00000007b0000000, 0x00000007b0000000)
  object space 524288K, 18% used [0x0000000790000000,0x0000000796105030,0x00000007b0000000)
 Metaspace       used 76261K, capacity 81651K, committed 81944K, reserved 1120256K
  class space    used 10164K, capacity 11766K, committed 11824K, reserved 1048576K
}
Event: 3364.374 GC heap before
{Heap before GC invocations=44 (full 3):
 PSYoungGen      total 209920K, used 186844K [0x00000007b0000000, 0x00000007c0000000, 0x00000007c0000000)
  eden space 156160K, 100% used [0x00000007b0000000,0x00000007b9880000,0x00000007b9880000)
  from space 53760K, 57% used [0x00000007bcb80000,0x00000007be9770f0,0x00000007c0000000)
  to   space 52224K, 0% used [0x00000007b9880000,0x00000007b9880000,0x00000007bcb80000)
 ParOldGen       total 524288K, used 99348K [0x0000000790000000, 0x00000007b0000000, 0x00000007b0000000)
  object space 524288K, 18% used [0x0000000790000000,0x0000000796105030,0x00000007b0000000)
 Metaspace       used 76509K, capacity 81905K, committed 81944K, reserved 1120256K
  class space    used 10177K, capacity 11803K, committed 11824K, reserved 1048576K
Event: 3364.591 GC heap after
Heap after GC invocations=44 (full 3):
 PSYoungGen      total 208384K, used 26464K [0x00000007b0000000, 0x00000007c0000000, 0x00000007c0000000)
  eden space 156160K, 0% used [0x00000007b0000000,0x00000007b0000000,0x00000007b9880000)
  from space 52224K, 50% used [0x00000007b9880000,0x00000007bb258260,0x00000007bcb80000)
  to   space 51712K, 0% used [0x00000007bcd80000,0x00000007bcd80000,0x00000007c0000000)
 ParOldGen       total 524288K, used 103303K [0x0000000790000000, 0x00000007b0000000, 0x00000007b0000000)
  object space 524288K, 19% used [0x0000000790000000,0x00000007964e1fb0,0x00000007b0000000)
 Metaspace       used 76509K, capacity 81905K, committed 81944K, reserved 1120256K
  class space    used 10177K, capacity 11803K, committed 11824K, reserved 1048576K
}
Event: 3712.889 GC heap before
{Heap before GC invocations=45 (full 3):
 PSYoungGen      total 208384K, used 182624K [0x00000007b0000000, 0x00000007c0000000, 0x00000007c0000000)
  eden space 156160K, 100% used [0x00000007b0000000,0x00000007b9880000,0x00000007b9880000)
  from space 52224K, 50% used [0x00000007b9880000,0x00000007bb258260,0x00000007bcb80000)
  to   space 51712K, 0% used [0x00000007bcd80000,0x00000007bcd80000,0x00000007c0000000)
 ParOldGen       total 524288K, used 103303K [0x0000000790000000, 0x00000007b0000000, 0x00000007b0000000)
  object space 524288K, 19% used [0x0000000790000000,0x00000007964e1fb0,0x00000007b0000000)
 Metaspace       used 76763K, capacity 82139K, committed 82200K, reserved 1120256K
  class space    used 10193K, capacity 11810K, committed 11824K, reserved 1048576K
Event: 3713.011 GC heap after
Heap after GC invocations=45 (full 3):
 PSYoungGen      total 209408K, used 18110K [0x00000007b0000000, 0x00000007c0000000, 0x00000007c0000000)
  eden space 157696K, 0% used [0x00000007b0000000,0x00000007b0000000,0x00000007b9a00000)
  from space 51712K, 35% used [0x00000007bcd80000,0x00000007bdf2f990,0x00000007c0000000)
  to   space 52224K, 0% used [0x00000007b9a00000,0x00000007b9a00000,0x00000007bcd00000)
 ParOldGen       total 524288K, used 106562K [0x0000000790000000, 0x00000007b0000000, 0x00000007b0000000)
  object space 524288K, 20% used [0x0000000790000000,0x0000000796810a80,0x00000007b0000000)
 Metaspace       used 76763K, capacity 82139K, committed 82200K, reserved 1120256K
  class space    used 10193K, capacity 11810K, committed 11824K, reserved 1048576K
}
Event: 3873.567 GC heap before
{Heap before GC invocations=46 (full 3):
 PSYoungGen      total 209408K, used 175806K [0x00000007b0000000, 0x00000007c0000000, 0x00000007c0000000)
  eden space 157696K, 100% used [0x00000007b0000000,0x00000007b9a00000,0x00000007b9a00000)
  from space 51712K, 35% used [0x00000007bcd80000,0x00000007bdf2f990,0x00000007c0000000)
  to   space 52224K, 0% used [0x00000007b9a00000,0x00000007b9a00000,0x00000007bcd00000)
 ParOldGen       total 524288K, used 106562K [0x0000000790000000, 0x00000007b0000000, 0x00000007b0000000)
  object space 524288K, 20% used [0x0000000790000000,0x0000000796810a80,0x00000007b0000000)
 Metaspace       used 77231K, capacity 82707K, committed 82840K, reserved 1120256K
  class space    used 10216K, capacity 11847K, committed 11952K, reserved 1048576K
Event: 3873.652 GC heap after
Heap after GC invocations=46 (full 3):
 PSYoungGen      total 209920K, used 17545K [0x00000007b0000000, 0x00000007c0000000, 0x00000007c0000000)
  eden space 157696K, 0% used [0x00000007b0000000,0x00000007b0000000,0x00000007b9a00000)
  from space 52224K, 33% used [0x00000007b9a00000,0x00000007bab227f0,0x00000007bcd00000)
  to   space 52224K, 0% used [0x00000007bcd00000,0x00000007bcd00000,0x00000007c0000000)
 ParOldGen       total 524288K, used 107610K [0x0000000790000000, 0x00000007b0000000, 0x00000007b0000000)
  object space 524288K, 20% used [0x0000000790000000,0x0000000796916a80,0x00000007b0000000)
 Metaspace       used 77231K, capacity 82707K, committed 82840K, reserved 1120256K
  class space    used 10216K, capacity 11847K, committed 11952K, reserved 1048576K
}
Event: 4189.868 GC heap before
{Heap before GC invocations=47 (full 3):
 PSYoungGen      total 209920K, used 175241K [0x00000007b0000000, 0x00000007c0000000, 0x00000007c0000000)
  eden space 157696K, 100% used [0x00000007b0000000,0x00000007b9a00000,0x00000007b9a00000)
  from space 52224K, 33% used [0x00000007b9a00000,0x00000007bab227f0,0x00000007bcd00000)
  to   space 52224K, 0% used [0x00000007bcd00000,0x00000007bcd00000,0x00000007c0000000)
 ParOldGen       total 524288K, used 107610K [0x0000000790000000, 0x00000007b0000000, 0x00000007b0000000)
  object space 524288K, 20% used [0x0000000790000000,0x0000000796916a80,0x00000007b0000000)
 Metaspace       used 79879K, capacity 85323K, committed 85528K, reserved 1122304K
  class space    used 10371K, capacity 12011K, committed 12080K, reserved 1048576K
Event: 4189.970 GC heap after
Heap after GC invocations=47 (full 3):
 PSYoungGen      total 209920K, used 18483K [0x00000007b0000000, 0x00000007c0000000, 0x00000007c0000000)
  eden space 157696K, 0% used [0x00000007b0000000,0x00000007b0000000,0x00000007b9a00000)
  from space 52224K, 35% used [0x00000007bcd00000,0x00000007bdf0cc88,0x00000007c0000000)
  to   space 52224K, 0% used [0x00000007b9a00000,0x00000007b9a00000,0x00000007bcd00000)
 ParOldGen       total 524288K, used 110211K [0x0000000790000000, 0x00000007b0000000, 0x00000007b0000000)
  object space 524288K, 21% used [0x0000000790000000,0x0000000796ba0d30,0x00000007b0000000)
 Metaspace       used 79879K, capacity 85323K, committed 85528K, reserved 1122304K
  class space    used 10371K, capacity 12011K, committed 12080K, reserved 1048576K
}

